====== begin of gnn configuration ======
| msg_average = 0
======   end of gnn configuration ======


torch.cuda.is_available():  True 


cmd_args.GCN_reduced_dataset:  0
load_data.py load_model_data(): Unserialising pickled dataset into Graph objects
len(graph_list):  188
==== Dataset Information ====
== General Information == 
Number of graphs: 188
Number of classes: 2
Class distribution: 
0:63 1:125 

== Node information== 
Average number of nodes: 18
Average number of edges (undirected): 20
Max number of nodes: 28
Number of distinct node labels: 7
Average number of distinct node labels: 3
Node labels distribution: 
0:2395 1:345 2:593 3:12 4:1 5:23 6:2 

*** 3 dataset_features:  {'name': 'MUTAG', 'num_class': 2, 'label_dict': {'0': 0, '1': 1}, 'have_node_labels': True, 'have_node_attributions': False, 'node_dict': {'0': 0, '1': 1, '2': 2, '3': 3, '4': 4, '5': 5, '6': 6, 'UNKNOWN': 7}, 'feat_dim': 8, 'edge_feat_dim': 0, 'max_num_nodes': 28, 'avg_num_nodes': 18, 'graph_sizes_list': [17, 13, 13, 19, 11, 28, 16, 20, 12, 17, 17, 20, 22, 13, 19, 22, 11, 17, 13, 18, 18, 17, 23, 27, 17, 13, 23, 17, 23, 23, 22, 24, 23, 13, 17, 14, 17, 15, 15, 13, 17, 13, 19, 17, 12, 23, 22, 17, 20, 16, 26, 26, 19, 19, 14, 17, 21, 25, 23, 19, 17, 11, 23, 20, 16, 16, 20, 23, 19, 14, 26, 16, 16, 23, 18, 10, 16, 16, 17, 19, 12, 25, 16, 11, 23, 23, 16, 12, 13, 23, 25, 19, 23, 19, 19, 25, 18, 13, 15, 16, 23, 26, 19, 23, 17, 20, 25, 19, 28, 24, 11, 15, 13, 16, 12, 10, 21, 23, 21, 13, 25, 21, 17, 11, 19, 20, 21, 15, 14, 11, 19, 11, 21, 22, 11, 20, 22, 13, 11, 16, 11, 20, 12, 11, 16, 16, 13, 15, 20, 12, 12, 22, 15, 12, 14, 12, 20, 20, 20, 14, 26, 24, 22, 22, 19, 23, 22, 11, 13, 17, 24, 12, 21, 22, 22, 12, 20, 13, 22, 28, 11, 14, 22, 22, 13, 12, 21, 16], 'attr_dim': 0, 'dataset_info': '==== Dataset Information ====\n== General Information == \nNumber of graphs: 188\nNumber of classes: 2\nClass distribution: \n0:63 1:125 \n\n== Node information== \nAverage number of nodes: 18\nAverage number of edges (undirected): 20\nMax number of nodes: 28\nNumber of distinct node labels: 7\nAverage number of distinct node labels: 3\nNode labels distribution: \n0:2395 1:345 2:593 3:12 4:1 5:23 6:2 \n'}


config: {'general': {'data_autobalance': False, 'print_dataset_features': True, 'batch_size': 1, 'extract_features': False}, 'run': {'num_epochs': 50, 'learning_rate': 0.0001, 'seed': 1800, 'k_fold': 5, 'model': 'GCN', 'dataset': 'MUTAG'}, 'GNN_models': {'DGCNN': {'convolution_layers_size': '32-32-32-1', 'sortpooling_k': 0.6, 'n_hidden': 128, 'convolution_dropout': 0.5, 'pred_dropout': 0.5, 'FP_len': 0}, 'GCN': {'convolution_layers_size': '128-256-512', 'dropout': 0.5}, 'GCND': {'convolution_layers_size': '128-256-512', 'dropout': 0.5}, 'DiffPool': {'convolution_layers_size': '64-64-64', 'pred_hidden_layers': '50-50-50', 'assign_ratio': 0.25, 'number_of_pooling': 1, 'concat_tensors': False}, 'DiffPoolD': {'convolution_layers_size': '64-64-64', 'pred_hidden_layers': '50-50-50', 'assign_ratio': 0.25, 'number_of_pooling': 1, 'concat_tensors': False}, 'DFScodeRNN_cls': {'dummy': 0}}, 'dataset_features': {'name': 'MUTAG', 'num_class': 2, 'label_dict': {'0': 0, '1': 1}, 'have_node_labels': True, 'have_node_attributions': False, 'node_dict': {'0': 0, '1': 1, '2': 2, '3': 3, '4': 4, '5': 5, '6': 6, 'UNKNOWN': 7}, 'feat_dim': 8, 'edge_feat_dim': 0, 'max_num_nodes': 28, 'avg_num_nodes': 18, 'graph_sizes_list': [17, 13, 13, 19, 11, 28, 16, 20, 12, 17, 17, 20, 22, 13, 19, 22, 11, 17, 13, 18, 18, 17, 23, 27, 17, 13, 23, 17, 23, 23, 22, 24, 23, 13, 17, 14, 17, 15, 15, 13, 17, 13, 19, 17, 12, 23, 22, 17, 20, 16, 26, 26, 19, 19, 14, 17, 21, 25, 23, 19, 17, 11, 23, 20, 16, 16, 20, 23, 19, 14, 26, 16, 16, 23, 18, 10, 16, 16, 17, 19, 12, 25, 16, 11, 23, 23, 16, 12, 13, 23, 25, 19, 23, 19, 19, 25, 18, 13, 15, 16, 23, 26, 19, 23, 17, 20, 25, 19, 28, 24, 11, 15, 13, 16, 12, 10, 21, 23, 21, 13, 25, 21, 17, 11, 19, 20, 21, 15, 14, 11, 19, 11, 21, 22, 11, 20, 22, 13, 11, 16, 11, 20, 12, 11, 16, 16, 13, 15, 20, 12, 12, 22, 15, 12, 14, 12, 20, 20, 20, 14, 26, 24, 22, 22, 19, 23, 22, 11, 13, 17, 24, 12, 21, 22, 22, 12, 20, 13, 22, 28, 11, 14, 22, 22, 13, 12, 21, 16], 'attr_dim': 0, 'dataset_info': '==== Dataset Information ====\n== General Information == \nNumber of graphs: 188\nNumber of classes: 2\nClass distribution: \n0:63 1:125 \n\n== Node information== \nAverage number of nodes: 18\nAverage number of edges (undirected): 20\nMax number of nodes: 28\nNumber of distinct node labels: 7\nAverage number of distinct node labels: 3\nNode labels distribution: \n0:2395 1:345 2:593 3:12 4:1 5:23 6:2 \n'}}


Training a new model: GCN
Run statistics: 
==== Configuration Settings ====
== Run Settings ==
Model: GCN, Dataset: MUTAG
num_epochs: 50
learning_rate: 0.0001
seed: 1800
k_fold: 5
model: GCN
dataset: MUTAG

== Model Settings and results ==
convolution_layers_size: 128-256-512
dropout: 0.5

Accuracy (avg): 0.71792 ROC_AUC (avg): 0.77882 PRC_AUC (avg): 0.87787 

Average forward propagation time taken(ms): 2.28130980856585
Average backward propagation time taken(ms): 1.4538081263683347

